<?xml version="1.0" encoding="UTF-8"?>
<!-- Generated by org.testng.reporters.JUnitXMLReporter -->
<testsuite ignored="1" hostname="DHIRAJ" failures="0" tests="1" name="ChromeTest" time="7.317" errors="0" timestamp="2025-08-23T12:51:19 IST">
  <testcase classname="com.OpenCart.TestCases.TC01_Account_Registration" name="accountRegistration" time="2.064"/>
  <testcase classname="com.OpenCart.TestCases.TC02_LoginTest" name="LoginTc" time="0.0">
    <ignored/>
  </testcase> <!-- LoginTc -->
</testsuite> <!-- ChromeTest -->
