<?xml version="1.0" encoding="UTF-8"?>
<!-- Generated by org.testng.reporters.JUnitXMLReporter -->
<testsuite ignored="0" hostname="DHIRAJ" failures="1" tests="1" name="ChromeTest" time="7.775" errors="0" timestamp="2025-08-17T09:55:49 IST">
  <testcase classname="com.OpenCart.TestCases.TC01_Account_Registration" name="accountRegistration" time="2.072">
    <failure type="java.lang.AssertionError" message="expected [Your Account Has Been Created!!] but found [Your Account Has Been Created!]">
      <![CDATA[java.lang.AssertionError: expected [Your Account Has Been Created!!] but found [Your Account Has Been Created!]
at com.OpenCart.TestCases.TC01_Account_Registration.accountRegistration(TC01_Account_Registration.java:35)
at java.base/java.util.ArrayList.forEach(ArrayList.java:1511)
... Removed 33 stack frames]]>
    </failure>
  </testcase> <!-- accountRegistration -->
</testsuite> <!-- ChromeTest -->
